20231226	20:15:03	3b7ad334-5957-41ca-8b83-3455ae2cf954	POST	/auth/login	http://localhost:3000
20231226	20:15:03	3f05b736-8ea6-4c9b-a5b8-73d85c36df8b	OPTIONS	/auth/login	http://localhost:3000
20231226	20:15:05	8148cacf-ebc0-4d96-8d24-0814799a52c2	GET	/api/video/allFiles	http://localhost:3000
20231226	20:15:05	4f432518-4a4f-434d-a9d7-cbf13408f577	GET	/api/video/allFiles	http://localhost:3000
20231226	20:15:07	ddc37d73-4e1f-471b-809c-642e6bf45e5d	GET	/api/video/stream/65718ac040e5bae1c409da09	http://localhost:3000
20231226	20:15:16	100a2e1f-0d4a-4544-b2c0-4cce50395ddc	GET	/api/video/stream/65718ac040e5bae1c409da09	http://localhost:3000
20231226	20:20:01	54e3c750-8185-42be-bdbf-d1d2267b5bd1	GET	/api/video/allFiles	http://localhost:3000
20231226	20:20:02	30395aed-aa8f-4477-8816-36816049cbe3	GET	/api/video/allFiles	http://localhost:3000
20231226	20:20:02	7462ac65-5799-4983-adde-594f546c620c	GET	/api/video/allFiles	http://localhost:3000
20231226	20:20:02	bb67a0e0-e118-400a-858a-39e35ed61ea8	GET	/api/video/allFiles	http://localhost:3000
20231226	20:20:03	7aae8e90-8a3f-45f8-ac59-a9ce7e08a29c	GET	/api/video/stream/65718ac040e5bae1c409da09	http://localhost:3000
20231226	20:20:23	f3117550-baf3-4d80-a57c-60adb9eb2130	GET	/api/video/stream/65718ac040e5bae1c409da09	http://localhost:3000
20231226	20:27:39	a9f1039b-24b5-4d20-b032-8175eead3d62	GET	/api/video/stream/65718ac040e5bae1c409da09	http://localhost:3000
20231226	20:27:59	21b826d1-2698-4319-bf10-47162b99084a	GET	/api/video/stream/65718ac040e5bae1c409da09	http://localhost:3000
20231226	20:30:53	9e0fcd46-b3f2-4940-b15f-05d7baf6215e	GET	/api/video/allFiles	http://localhost:3000
20231226	20:30:53	dda3e7e7-2b37-4724-9ebd-e9f9d518c364	GET	/api/video/allFiles	http://localhost:3000
20231226	20:30:54	ab909fa2-3313-412e-a4b3-603ebf140653	GET	/api/video/allFiles	http://localhost:3000
20231226	20:30:54	5e00b394-88e1-4976-9868-fd62a629b690	GET	/api/video/allFiles	http://localhost:3000
20231226	20:30:57	a9cb0d3f-b661-405b-ab9b-bd668038d25c	GET	/api/video/stream/65718ac040e5bae1c409da09	http://localhost:3000
20231226	20:31:17	6fc6413d-1d29-4e95-b33d-fff984098ad2	GET	/api/video/stream/65718ac040e5bae1c409da09	http://localhost:3000
20231226	20:34:33	07f19c56-12b6-4470-ad77-e2bfac6cd858	GET	/api/video/allFiles	http://localhost:3000
20231226	20:34:33	c80096e6-21d9-4801-9225-32d106c08670	GET	/api/video/allFiles	http://localhost:3000
20231226	20:34:33	10a1430d-0295-499a-bebe-31a0855cfaf6	GET	/api/video/allFiles	http://localhost:3000
20231226	20:34:33	ef06c44d-50ab-4b9a-80c6-0baee9ca37b3	GET	/api/video/allFiles	http://localhost:3000
20231226	20:34:40	288d2273-6fd1-4d0d-a34a-a041df2a7d1a	GET	/api/video/stream/65718ac040e5bae1c409da09	http://localhost:3000
20231226	20:34:58	9d97a0eb-6e08-411d-8164-0cc1eb03008f	GET	/api/video/allFiles	http://localhost:3000
20231226	20:34:58	8ffe4216-4da9-4a7d-9c4d-2ecf5f6e0523	GET	/api/video/allFiles	http://localhost:3000
20231226	20:34:58	f73ba6a2-817b-407b-a832-adac0d6f3bf5	GET	/api/video/allFiles	http://localhost:3000
20231226	20:34:58	204290dc-6604-477b-92e0-3f5a39752323	GET	/api/video/allFiles	http://localhost:3000
20231226	20:35:00	9249f32a-6387-40c6-b1a0-c3e2aeec7e84	GET	/api/video/stream/65718ac040e5bae1c409da09	http://localhost:3000
20231226	20:35:10	cd85c93a-748b-4060-b91f-cb4a373a0e5f	GET	/api/video/allFiles	http://localhost:3000
20231226	20:35:10	7d00180d-943e-4fe5-af52-ca5c0be9aaf8	GET	/api/video/allFiles	http://localhost:3000
20231226	20:35:12	98d0c918-2cf7-44ee-b845-4c65733a916d	GET	/api/video/allFiles	http://localhost:3000
20231226	20:35:12	6e57e0c1-29ed-4c97-9ccc-5616892d9674	GET	/api/video/allFiles	http://localhost:3000
20231226	20:35:15	b9457f90-8cbc-4637-a800-6ed7a61a229a	GET	/api/video/stream/65718ac040e5bae1c409da09	http://localhost:3000
20231226	20:35:33	3e107a98-f7fb-43b5-bfd2-c521b72bb21a	GET	/api/video/stream/65718ac040e5bae1c409da09	http://localhost:3000
20231226	20:39:04	df146244-23bd-40c3-98b4-a900db6f3fb3	GET	/api/video/allFiles	http://localhost:3000
20231226	20:39:04	9b14cf15-35ea-4d7e-94df-febc3a3e596d	GET	/api/video/allFiles	http://localhost:3000
20231226	20:39:04	3d759617-cd1b-4ed2-96d8-d40fa57f7526	GET	/api/video/allFiles	http://localhost:3000
20231226	20:39:04	dcecee3c-db58-4515-b576-e22f5b3f32ef	GET	/api/video/allFiles	http://localhost:3000
20231226	20:39:05	07aaf40e-5b48-4f21-a8fe-54fbe70c33b9	GET	/api/video/stream/65718ac040e5bae1c409da09	http://localhost:3000
20231226	20:39:25	8e601162-cef9-4fe5-be1d-300b66b82acf	GET	/api/video/stream/65718ac040e5bae1c409da09	http://localhost:3000
20231226	20:44:01	15e46ff8-5194-404a-b718-eac98a69e631	GET	/api/video/allFiles	http://localhost:3000
20231226	20:44:01	cbf06708-4b3e-4ed1-acf8-7c93c9d2959d	GET	/api/video/allFiles	http://localhost:3000
20231226	20:44:01	98af42f7-6b46-4c83-b13b-f26cccee492c	GET	/api/video/allFiles	http://localhost:3000
20231226	20:44:01	50a3e08f-1300-45f3-88e0-d98de5155c7d	GET	/api/video/allFiles	http://localhost:3000
20231226	20:46:44	1ba1f584-22ae-467d-84dc-7db610c3168c	GET	/api/video/stream/65718ac040e5bae1c409da09	http://localhost:3000
20231226	20:47:04	fd8f9773-f32a-4516-988e-58ea6dfd4ce3	GET	/api/video/stream/65718ac040e5bae1c409da09	http://localhost:3000
20231226	20:48:54	5da54b84-4a63-43e1-b2bf-147cfad6af79	GET	/api/video/allFiles	http://localhost:3000
20231226	20:48:54	d8f6150c-3a38-4f00-a08c-f7e18e93185f	GET	/api/video/allFiles	http://localhost:3000
20231226	20:48:55	d05d7c72-41ad-4453-b4e1-1a94bb9c685c	GET	/api/video/allFiles	http://localhost:3000
20231226	20:48:55	8e7c625f-425c-4d1a-9642-5361a3b1e668	GET	/api/video/allFiles	http://localhost:3000
20231226	20:48:56	528e95cd-e036-4ade-bd6f-1a01fcdb44c2	GET	/api/video/stream/65718ac040e5bae1c409da09	http://localhost:3000
20231226	20:49:16	81562e6e-47c7-47be-815b-069b76ea2542	GET	/api/video/stream/65718ac040e5bae1c409da09	http://localhost:3000
20231226	20:50:11	c19f89fd-9aae-4712-9a75-ea48a7649b91	GET	/api/video/allFiles	http://localhost:3000
20231226	20:50:11	78aa6bde-99f9-451d-a779-59f007a8cb4a	GET	/api/video/allFiles	http://localhost:3000
20231226	20:50:13	3f57f5e5-8e42-46be-83d4-07fed038d1a2	GET	/api/video/allFiles	http://localhost:3000
20231226	20:50:13	fe28b067-65be-40df-a584-b979f4324d94	GET	/api/video/allFiles	http://localhost:3000
20231226	20:50:52	e11aabac-1c7d-4d44-9442-253b589a1c05	GET	/api/video/allFiles	http://localhost:3000
20231226	20:50:52	70f7a3df-11e7-408c-9e96-38e37034e155	GET	/api/video/allFiles	http://localhost:3000
20231226	20:50:53	03d30383-4cfa-4ab3-b2bf-da0bbfe0616a	GET	/api/video/allFiles	http://localhost:3000
20231226	20:50:53	f6a4b48c-13fc-4508-ba83-b79317148b29	GET	/api/video/allFiles	http://localhost:3000
20231226	20:51:40	6315d808-de3d-4ca1-b1eb-220fb99aa951	GET	/api/video/stream/65718ac040e5bae1c409da09	http://localhost:3000
20231226	20:52:00	dfd0f0bc-ab3a-4ba3-8ce3-dd3944408cc1	GET	/api/video/stream/65718ac040e5bae1c409da09	http://localhost:3000
20231226	20:56:31	ffdf196f-c9c6-402e-98ab-9fc52a4a2bd0	GET	/api/video/stream/65718ac040e5bae1c409da09	http://localhost:3000
20231226	20:56:51	e41db263-fbd5-4ad9-aa57-1b8846f91706	GET	/api/video/stream/65718ac040e5bae1c409da09	http://localhost:3000
20231226	20:57:05	18e2d37d-00dd-46b0-9a0e-0bb17898d38f	GET	/api/video/stream/65718ac040e5bae1c409da09	http://localhost:3000
20231226	20:57:05	5394a171-e95b-4397-950e-d33d8772670e	GET	/api/video/stream/65718ac040e5bae1c409da09	http://localhost:3000
20231226	21:00:16	29a9d4a4-f154-42b5-ad8f-000da5a05f4d	GET	/api/video/stream/65718ac040e5bae1c409da09	undefined
20231226	21:00:17	71716adf-6f98-484a-a340-6b8e9465f6b7	GET	/api/video/stream/65718ac040e5bae1c409da09	undefined
20231226	21:02:14	14eaed79-2998-4471-a840-d6b3f1be2d67	GET	/api/video/allFiles	http://localhost:3000
20231226	21:02:14	27c673c3-7c65-4cd6-a695-e443700588c1	GET	/api/video/allFiles	http://localhost:3000
20231226	21:02:15	6f81e7e2-aac2-4a4b-ac50-b3044251ee5a	GET	/api/video/allFiles	http://localhost:3000
20231226	21:02:15	340d43ec-9ad8-4f6c-a4e6-1f1439d4fc3e	GET	/api/video/allFiles	http://localhost:3000
20231226	21:02:17	652b9826-7a50-489b-a05b-4b53372a57b8	GET	/api/video/stream/65718ac040e5bae1c409da09	http://localhost:3000
20231226	21:02:26	bbb5d8c4-f472-495f-b208-59e611f5a6d6	GET	/api/video/stream/65718ac040e5bae1c409da09	http://localhost:3000
20231226	21:02:32	b8c9dda4-41b9-44f5-af4e-1f1746e79411	GET	/api/video/stream/65718ac040e5bae1c409da09	undefined
20231226	21:03:58	8f09bb17-eb00-4095-a404-35ea7517231c	GET	/api/video/allFiles	http://localhost:3000
20231226	21:03:58	794366a9-c24f-429e-9c12-83a2868dbc0d	GET	/api/video/allFiles	http://localhost:3000
20231226	21:03:59	edf4036c-cdf9-40ec-a27b-c2161394ac5c	GET	/api/video/allFiles	http://localhost:3000
20231226	21:03:59	ba43cac0-0951-4250-bfb3-70c9550a2314	GET	/api/video/allFiles	http://localhost:3000
20231226	21:04:00	5689f048-6dd2-4415-a87f-39304f91acf4	GET	/api/video/stream/65718ac040e5bae1c409da09	http://localhost:3000
20231226	21:04:10	9f0dcdd8-eaa6-4d71-89d7-f5d8e55be1f5	GET	/api/video/stream/65718ac040e5bae1c409da09	http://localhost:3000
20231226	21:05:02	52df3b17-da51-4601-ba51-4d7504671984	GET	/api/video/allFiles	http://localhost:3000
20231226	21:05:02	10f8904b-7b92-4428-8c6f-7b86f46ef0ff	GET	/api/video/allFiles	http://localhost:3000
20231226	21:05:02	548a6dee-7eb8-4f5f-ae96-e09860ed4409	GET	/api/video/allFiles	http://localhost:3000
20231226	21:05:02	080ac02f-eca5-4653-aa06-04072a7c55a3	GET	/api/video/allFiles	http://localhost:3000
20231226	21:07:06	548bec95-11d9-44ba-aace-5c4069556e41	GET	/api/video/stream/65718ac040e5bae1c409da09	http://localhost:3000
20231226	21:07:12	d71f5d10-2ff3-4c9f-8a54-8d9827ebce2c	GET	/api/video/stream/65718ac040e5bae1c409da09	http://localhost:3000
20231226	21:07:32	fa7b90e3-3856-4bd3-b49f-1e1c5f8f996c	GET	/api/video/allFiles	http://localhost:3000
20231226	21:07:32	fe5da5c5-ed54-4331-b3ef-37ab2a741f31	GET	/api/video/allFiles	http://localhost:3000
20231226	21:07:32	4b24d103-4c96-4eac-9aa7-9e2a295e9882	GET	/api/video/allFiles	http://localhost:3000
20231226	21:07:32	d16c76e2-5ae4-4143-adc1-def5247dab81	GET	/api/video/allFiles	http://localhost:3000
20231226	21:08:48	67f00d33-98c9-48f4-9909-5bdbef9bbf69	GET	/api/video/stream/65718ac040e5bae1c409da09	http://localhost:3000
20231226	21:08:57	70cd21f3-9bda-4907-82ec-dc2c2f7394b1	GET	/api/video/stream/65718ac040e5bae1c409da09	http://localhost:3000
20231226	21:14:16	61a9cea5-49c8-4bec-81e5-297431fe84d4	GET	/api/video/stream/65718ac040e5bae1c409da09	http://localhost:3000
20231226	21:14:22	cdb48d72-65aa-4a90-9e10-2b6990d17a2c	GET	/api/video/stream/65718ac040e5bae1c409da09	http://localhost:3000
20231226	21:15:09	58aac29a-8c5f-46e0-bbf5-e4d0c33cfc36	GET	/api/video/stream/65718ac040e5bae1c409da09	http://localhost:3000
20231226	21:15:15	d79011ee-6f07-4b26-b98f-1d352125cd88	GET	/api/video/stream/65718ac040e5bae1c409da09	http://localhost:3000
20231226	21:15:25	b8a9bfd9-dfbb-4b49-9c52-044d4274d041	GET	/api/video/stream/65718ac040e5bae1c409da09	http://localhost:3000
20231226	21:15:30	ad202332-6ec6-43a3-ae49-79a1eb1dc1de	GET	/api/video/stream/65718ac040e5bae1c409da09	http://localhost:3000
20231226	21:15:36	b46c4d4a-55d1-4b8e-b5d7-2ffdef7dc281	GET	/api/video/stream/65718ac040e5bae1c409da09	http://localhost:3000
20231226	21:15:44	cc45e8d4-b991-4614-8169-81cb0fe3a479	GET	/api/video/stream/65718ac040e5bae1c409da09	http://localhost:3000
20231226	21:15:52	e16da5c4-24a2-4408-ad1b-d5e9b907a9e0	GET	/api/video/stream/65718ac040e5bae1c409da09	http://localhost:3000
20231226	21:16:05	72a63302-ad64-4bb4-90e4-79bc19545843	GET	/api/video/allFiles	http://localhost:3000
20231226	21:16:05	ce9fca5c-b81e-4ad1-bc70-736553ccd6ca	GET	/api/video/allFiles	http://localhost:3000
20231226	21:16:05	46f1290c-f176-4a4e-9851-a412226c8607	GET	/api/video/allFiles	http://localhost:3000
20231226	21:16:05	36da6961-f894-402e-815e-0ee7e60fbd7c	GET	/api/video/allFiles	http://localhost:3000
20231226	21:16:06	4a199c56-28ad-4dcf-ba6d-55a0b4ca1a1c	GET	/api/video/stream/65718ac040e5bae1c409da09	http://localhost:3000
20231226	21:16:14	a6772dfd-2892-4eb3-95fa-4a6fb07965d0	GET	/api/video/stream/65718ac040e5bae1c409da09	http://localhost:3000
20231226	21:58:14	866f500e-c50d-4732-be49-86867af1b6c0	GET	/api/video/stream/65718ac040e5bae1c409da09	http://localhost:3000
20231226	21:58:21	072696e8-2386-440a-9fad-959afb56529f	GET	/api/video/stream/65718ac040e5bae1c409da09	http://localhost:3000
20231226	21:58:28	38a0d2ab-d66e-4d4e-8d0c-89c496847b19	GET	/api/video/stream/65718ac040e5bae1c409da09	http://localhost:3000
20231226	21:58:33	15cf337b-d9a9-4e06-a98a-bd8ff1292ee3	GET	/api/video/stream/65718ac040e5bae1c409da09	http://localhost:3000
20231226	22:03:31	eef8391e-31b6-4d2d-80c8-43a404fe17d4	GET	/api/video/allFiles	http://localhost:3000
20231226	22:03:31	e3dfb6b4-92ce-4360-833f-6d9c28799e46	GET	/api/video/allFiles	http://localhost:3000
20231226	22:03:32	74f4d54a-bc18-4050-b6c8-96c4ff860e75	GET	/api/video/allFiles	http://localhost:3000
20231226	22:03:32	3cdc639d-ab92-40dc-bc65-eb8a65891b37	GET	/api/video/allFiles	http://localhost:3000
20231226	22:03:33	0bbe5f5c-0249-44da-b2e7-62a47d6ff058	GET	/api/video/stream/65718ac040e5bae1c409da09	http://localhost:3000
20231226	22:03:39	d283c1cd-4501-4029-87a5-a4d7258159e5	GET	/api/video/stream/65718ac040e5bae1c409da09	http://localhost:3000
20231226	22:07:14	5141dde3-81f6-4d8d-94b3-8c53e13374af	GET	/api/video/stream/6569f6047f457620b5aac9b6	http://localhost:3000
20231226	22:07:15	67df8d08-1944-4e84-901e-f362eeb83e7d	GET	/api/video/stream/6569f6047f457620b5aac9b6	http://localhost:3000
20231226	22:07:19	6edd2142-ddb7-44b5-bf1f-7a18e6a407e7	GET	/api/video/stream/65718732696d2b278913ba12	http://localhost:3000
20231226	22:07:22	9ab09dcb-b4a4-4d0f-9fab-5499b443047b	GET	/api/video/stream/65718732696d2b278913ba12	http://localhost:3000
20231226	22:07:27	99af49a0-5678-4ef9-b7cb-243086c00c36	GET	/api/video/stream/6572fb09127988a981a35959	http://localhost:3000
20231226	22:07:31	5cf4bd92-66b8-405d-8b65-2f73d6478733	GET	/api/video/stream/6572fb09127988a981a35959	http://localhost:3000
20231226	22:07:37	4f7743b8-44d0-4bc5-b24a-144bd787dc30	GET	/api/video/stream/6572fe2c8cf4f0ed177659a2	http://localhost:3000
20231226	22:07:41	ca9ce409-a516-42d7-b5b8-027b3e4189f4	GET	/api/video/stream/6572fe2c8cf4f0ed177659a2	http://localhost:3000
20231226	22:07:44	07399fa4-5756-4be7-8824-b067d1c6e09a	GET	/api/video/stream/65836da62333c93078ed2f46	http://localhost:3000
20231226	22:07:50	96a1a4cb-2a95-4e2e-bc79-cc796e5f9db2	GET	/api/video/stream/65836da62333c93078ed2f46	http://localhost:3000
20231226	22:08:02	fc965f81-a31f-4305-9c48-5f24a0781628	GET	/api/video/stream/65718ac040e5bae1c409da09	http://localhost:3000
20231226	22:08:08	1720ba4e-29dd-444f-ae0b-67b269059678	GET	/api/video/stream/65718ac040e5bae1c409da09	http://localhost:3000
20231226	23:01:19	28f0d08c-f0d7-4c27-aa82-db1bef405d65	GET	/api/video/stream/65718ac040e5bae1c409da09	http://localhost:3000
20231226	23:01:26	a1aebf2c-6931-4c50-9c90-02360b56f1cd	GET	/api/video/stream/65718ac040e5bae1c409da09	http://localhost:3000
20231226	23:01:54	42ba7ee7-10db-45bc-b676-b3f5f70b3734	GET	/api/video/allFiles	http://localhost:3000
20231226	23:01:54	315e5be9-df34-4d2e-8f84-1c23b8fcc645	GET	/api/video/allFiles	http://localhost:3000
20231226	23:01:55	7ec6453e-5dbc-4093-b72b-63b5b6fe4a03	GET	/api/video/allFiles	http://localhost:3000
20231226	23:01:55	9f0a7ddd-fe40-4681-b35d-8453151d0c97	GET	/api/video/allFiles	http://localhost:3000
20231226	23:01:56	90b002f8-4152-441f-9b9c-c048e3ee1fd2	GET	/api/video/stream/65718ac040e5bae1c409da09	http://localhost:3000
20231226	23:02:02	e37752be-05c8-4b9e-a041-e31d906a5e32	GET	/api/video/stream/65718ac040e5bae1c409da09	http://localhost:3000
20231226	23:02:09	e7f18586-2497-4cd3-84aa-21011bcce780	GET	/api/video/stream/65718ac040e5bae1c409da09	http://localhost:3000
20231226	23:02:15	95920ec7-6ae2-4812-bd34-444b884883a6	GET	/api/video/stream/65718ac040e5bae1c409da09	http://localhost:3000
20231226	23:02:21	4747ccd7-eb48-4041-954a-6b06ce9d8eb4	GET	/api/video/stream/65718ac040e5bae1c409da09	http://localhost:3000
20231226	23:02:28	9a874de6-552c-44db-9de4-16e0a913adaf	GET	/api/video/stream/65718ac040e5bae1c409da09	http://localhost:3000
20231226	23:02:44	970f4b6b-34fd-4ad2-80b6-e1a3abeb42a9	GET	/api/video/stream/65718ac040e5bae1c409da09	http://localhost:3000
20231226	23:02:49	7473faab-dbef-47d8-b085-2932117ae4de	GET	/api/video/stream/65718ac040e5bae1c409da09	http://localhost:3000
20231226	23:03:38	0488f136-e341-4e26-82af-49e78803a26d	GET	/api/video/stream/65718ac040e5bae1c409da09	http://localhost:3000
20231226	23:03:44	8c58e596-25ef-4d36-846c-0914ce242c94	GET	/api/video/stream/65718ac040e5bae1c409da09	http://localhost:3000
20231226	23:04:00	11b29e24-9241-4a8e-b7aa-eb24ff3801e1	GET	/api/video/stream/65718ac040e5bae1c409da09	http://localhost:3000
20231226	23:04:09	bb9b32aa-b3fb-4366-a5d4-a40e0177c4e3	GET	/api/video/stream/65718ac040e5bae1c409da09	http://localhost:3000
20231226	23:08:09	d624b9af-daf3-48b0-88e2-033801badfaa	GET	/api/video/stream/65718ac040e5bae1c409da09	http://localhost:3000
20231226	23:08:16	0fdeed4f-e6d1-4e99-985e-a7708bd5f24f	GET	/api/video/stream/65718ac040e5bae1c409da09	http://localhost:3000
20231226	23:17:08	d42720bf-19c7-4832-82c8-f8176620e50a	GET	/api/video/stream/65718732696d2b278913ba12	http://localhost:3000
20231226	23:17:13	e922a0d9-5656-43a4-83d9-cace626c887c	GET	/api/video/stream/65718732696d2b278913ba12	http://localhost:3000
20231227	00:03:04	080b8579-2184-4ea5-9f4a-0c729abf8dfd	GET	/api/video/stream/65718ac040e5bae1c409da09	http://localhost:3000
20231227	00:03:14	9ef866af-40b4-47f0-9a1d-782d023df626	GET	/api/video/stream/65718ac040e5bae1c409da09	http://localhost:3000
20231227	00:04:50	eb21d4dc-17b5-4afd-8554-c03a34b14975	GET	/api/video/allFiles	http://localhost:3000
20231227	00:04:50	85ea0ded-e115-4c3f-83b8-c0dd44bbb336	GET	/api/video/allFiles	http://localhost:3000
20231227	00:04:52	74e14c76-4fa7-4903-a763-3b6e0b1127de	GET	/api/video/allFiles	http://localhost:3000
20231227	00:04:52	0f4cb02a-2157-4dd3-a5a9-2723ae5924c8	GET	/api/video/allFiles	http://localhost:3000
20231227	00:05:51	310a718c-1377-4818-b12b-a5ad2f82c080	GET	/api/video/stream/65718ac040e5bae1c409da09	http://localhost:3000
20231227	00:05:57	5cb367b2-92a2-4dc3-aaf4-f430e3322656	GET	/api/video/stream/65718ac040e5bae1c409da09	http://localhost:3000
20231227	00:06:26	9b3086da-a659-4e07-b3ca-cadef4e48c6d	GET	/api/video/stream/65718ac040e5bae1c409da09	http://localhost:3000
20231227	00:06:36	f368b987-c8e0-405a-958b-cf6e80b6ac2c	GET	/api/video/stream/65718ac040e5bae1c409da09	http://localhost:3000
20231227	00:07:11	8fc972c3-82ce-4e1a-9a7c-44d044185744	GET	/api/video/stream/65718ac040e5bae1c409da09	http://localhost:3000
20231227	00:07:17	f746c3e5-617f-425d-9e22-2d441a0ab698	GET	/api/video/stream/65718ac040e5bae1c409da09	http://localhost:3000
20231227	00:07:26	02dbe864-e382-4f24-b17f-5a392df9fa0d	GET	/api/video/stream/65718ac040e5bae1c409da09	http://localhost:3000
20231227	00:07:33	e1e70c2c-957d-4bc3-b6c4-4ed4b34f8c14	GET	/api/video/stream/65718ac040e5bae1c409da09	http://localhost:3000
20231227	00:08:02	5265a31c-0479-4aa7-8e70-ea206f06f470	GET	/api/video/stream/65718ac040e5bae1c409da09	http://localhost:3000
20231227	00:08:09	214cf860-8f7f-4a7c-879f-21b38770e25f	GET	/api/video/stream/65718ac040e5bae1c409da09	http://localhost:3000
20231227	00:08:15	96631a3c-fbe9-4e9c-b00e-57ab6aeb07ab	GET	/api/video/stream/65718ac040e5bae1c409da09	http://localhost:3000
20231227	00:08:21	759d4bfe-6aea-41a2-b514-e579917ca363	GET	/api/video/stream/65718ac040e5bae1c409da09	http://localhost:3000
20231227	00:08:27	2cb52cf0-8d5a-4e11-bed3-03449ae409e0	GET	/api/video/stream/65718ac040e5bae1c409da09	http://localhost:3000
20231227	00:08:33	826a950e-b883-48c1-b921-c232d9936d9c	GET	/api/video/stream/65718ac040e5bae1c409da09	http://localhost:3000
20231227	00:08:41	1a91bfd7-8fd3-421c-be74-3de09d6db277	GET	/api/video/stream/65718ac040e5bae1c409da09	http://localhost:3000
20231227	00:08:47	f6e65fd2-7670-4479-8b09-db05e0e1788a	GET	/api/video/stream/65718ac040e5bae1c409da09	http://localhost:3000
20231227	00:09:00	99f84e4f-1d2c-4cf3-bb1c-bcf7c9fcc07f	GET	/api/video/stream/65718ac040e5bae1c409da09	http://localhost:3000
20231227	00:09:06	5d368cd6-7215-44e0-8c7c-e2ea7066787f	GET	/api/video/stream/65718ac040e5bae1c409da09	http://localhost:3000
20231227	00:09:14	2cbd4c02-a1df-42e8-a596-f48454caf968	GET	/api/video/stream/65718ac040e5bae1c409da09	http://localhost:3000
20231227	00:09:21	95662fd9-357e-44ba-9d6c-359a81c073b0	GET	/api/video/stream/65718ac040e5bae1c409da09	http://localhost:3000
20231227	00:10:06	4ffd6bcc-e9da-44ef-b955-4661bbb3fc5b	GET	/api/video/stream/65718ac040e5bae1c409da09	http://localhost:3000
20231227	00:10:08	c18afce0-3786-43fc-9666-e4b01a432ebb	GET	/api/video/stream/6572fb09127988a981a35959	http://localhost:3000
20231227	00:10:15	ff5cc6c4-f7bb-4f32-a08d-e11ae4765549	GET	/api/video/stream/65718ac040e5bae1c409da09	http://localhost:3000
20231227	00:10:15	e2b7e22e-6f05-4290-850c-8c173943f061	GET	/api/video/stream/6572fb09127988a981a35959	http://localhost:3000
20231227	00:10:40	319391a2-a705-4790-b190-acae2515129f	GET	/api/video/stream/65718ac040e5bae1c409da09	http://localhost:3000
20231227	00:10:46	6ffc11d7-1a8a-4e91-9f39-734aebca3df5	GET	/api/video/stream/65718ac040e5bae1c409da09	http://localhost:3000
20231227	00:10:53	64d6755d-d7f2-4865-afcd-6cad5d36b336	GET	/api/video/stream/65718ac040e5bae1c409da09	http://localhost:3000
20231227	00:11:00	8615dfe0-4323-4ceb-8313-3ada928504e7	GET	/api/video/stream/65718ac040e5bae1c409da09	http://localhost:3000
20231227	00:11:08	e474379f-c210-42a2-a3b7-42b6df9b9d8c	GET	/api/video/stream/65718ac040e5bae1c409da09	http://localhost:3000
20231227	00:11:15	661fbb65-7743-4c80-a4cb-9458722c119c	GET	/api/video/stream/65718ac040e5bae1c409da09	http://localhost:3000
20231227	00:11:23	460d6f64-e051-4816-a9dd-e37c8d6685bd	GET	/api/video/stream/65718ac040e5bae1c409da09	http://localhost:3000
20231227	00:11:33	9a193032-b441-4a11-a840-8d722c53db38	GET	/api/video/stream/65718ac040e5bae1c409da09	http://localhost:3000
20231227	00:12:06	d30479f7-9d95-4127-961e-1e4894f78e83	GET	/api/video/stream/65718ac040e5bae1c409da09	http://localhost:3000
20231227	00:12:13	d6c3d314-c53f-4ff8-ad5a-048729bd3958	GET	/api/video/stream/65718ac040e5bae1c409da09	http://localhost:3000
20231227	00:12:19	95df68c2-bdde-4d97-8d51-c2e9681a650c	GET	/api/video/stream/65718ac040e5bae1c409da09	http://localhost:3000
20231227	00:12:28	be73d21e-d9a4-4d51-a5bc-7e60937008e2	GET	/api/video/stream/65718ac040e5bae1c409da09	http://localhost:3000
20231227	00:12:39	d63548bb-b777-4f34-b8a0-1fd3c73e2965	GET	/api/video/stream/65718732696d2b278913ba12	http://localhost:3000
20231227	00:12:44	c1e2dfd2-686c-4713-8ca1-59e70e2f9453	GET	/api/video/stream/65718732696d2b278913ba12	http://localhost:3000
